<?xml version="1.0" encoding="UTF-8"?>
<testng-results ignored="0" total="1" passed="1" failed="0" skipped="0">
  <reporter-output>
  </reporter-output>
  <suite started-at="2024-06-23T16:46:59 IST" name="Suite" finished-at="2024-06-23T16:47:05 IST" duration-ms="6409">
    <groups>
    </groups>
    <test started-at="2024-06-23T16:46:59 IST" name="Test" finished-at="2024-06-23T16:47:05 IST" duration-ms="6409">
      <class name="TestCases.QaLegend_TestCases">
        <test-method is-config="true" signature="initialization()[pri:0, instance:TestCases.QaLegend_TestCases@72967906]" started-at="2024-06-23T16:46:59 IST" name="initialization" finished-at="2024-06-23T16:47:03 IST" duration-ms="3778" status="PASS">
          <reporter-output>
          </reporter-output>
        </test-method> <!-- initialization -->
        <test-method signature="addEditNotes()[pri:0, instance:TestCases.QaLegend_TestCases@72967906]" started-at="2024-06-23T16:47:03 IST" name="addEditNotes" finished-at="2024-06-23T16:47:05 IST" duration-ms="2589" status="PASS">
          <reporter-output>
          </reporter-output>
        </test-method> <!-- addEditNotes -->
      </class> <!-- TestCases.QaLegend_TestCases -->
    </test> <!-- Test -->
  </suite> <!-- Suite -->
</testng-results>
