<?xml version="1.0" encoding="UTF-8"?>
<testng-results ignored="8" total="9" passed="1" failed="0" skipped="0">
  <reporter-output>
  </reporter-output>
  <suite started-at="2024-07-16T23:14:45 IST" name="Suite" finished-at="2024-07-16T23:14:57 IST" duration-ms="11797">
    <groups>
    </groups>
    <test started-at="2024-07-16T23:14:45 IST" name="Test" finished-at="2024-07-16T23:14:57 IST" duration-ms="11797">
      <class name="TestCases.QaLegend_TestCases">
        <test-method is-config="true" signature="initialization()[pri:0, instance:TestCases.QaLegend_TestCases@2accdbb5]" started-at="2024-07-16T23:14:45 IST" name="initialization" finished-at="2024-07-16T23:14:50 IST" duration-ms="4578" status="PASS">
          <reporter-output>
          </reporter-output>
        </test-method> <!-- initialization -->
        <test-method signature="additems()[pri:0, instance:TestCases.QaLegend_TestCases@2accdbb5]" started-at="2024-07-16T23:14:50 IST" name="additems" finished-at="2024-07-16T23:14:57 IST" duration-ms="7187" status="PASS">
          <reporter-output>
          </reporter-output>
        </test-method> <!-- additems -->
      </class> <!-- TestCases.QaLegend_TestCases -->
    </test> <!-- Test -->
  </suite> <!-- Suite -->
</testng-results>
