<?xml version="1.0" encoding="UTF-8"?>
<!-- Generated by org.testng.reporters.JUnitXMLReporter -->
<testsuite ignored="8" hostname="IjasBincy" failures="0" tests="1" name="Test" time="7.442" errors="0" timestamp="2024-07-04T22:19:58 IST">
  <testcase classname="TestCases.QaLegend_TestCases" name="forgotpasswordlink" time="0.475"/>
  <testcase classname="TestCases.QaLegend_TestCases" name="addEditNotes" time="0.0">
    <ignored/>
  </testcase> <!-- addEditNotes -->
  <testcase classname="TestCases.QaLegend_TestCases" name="addannouncement" time="0.0">
    <ignored/>
  </testcase> <!-- addannouncement -->
  <testcase classname="TestCases.QaLegend_TestCases" name="additems" time="0.0">
    <ignored/>
  </testcase> <!-- additems -->
  <testcase classname="TestCases.QaLegend_TestCases" name="addpayments" time="0.0">
    <ignored/>
  </testcase> <!-- addpayments -->
  <testcase classname="TestCases.QaLegend_TestCases" name="addEvents" time="0.0">
    <ignored/>
  </testcase> <!-- addEvents -->
  <testcase classname="TestCases.QaLegend_TestCases" name="addmemberdetails" time="0.0">
    <ignored/>
  </testcase> <!-- addmemberdetails -->
  <testcase classname="TestCases.QaLegend_TestCases" name="composeMessage" time="0.0">
    <ignored/>
  </testcase> <!-- composeMessage -->
  <testcase classname="TestCases.QaLegend_TestCases" name="addClients" time="0.0">
    <ignored/>
  </testcase> <!-- addClients -->
</testsuite> <!-- Test -->
