<?xml version="1.0" encoding="UTF-8"?>
<!-- Generated by org.testng.reporters.JUnitXMLReporter -->
<testsuite ignored="4" hostname="IjasBincy" failures="2" tests="5" name="Test" time="0.065" errors="0" timestamp="2024-07-18T20:35:30 IST">
  <testcase classname="TestCases.QaLegend_TestCases" name="addEditNotes" time="0.009">
    <skipped/>
  </testcase> <!-- addEditNotes -->
  <testcase classname="TestCases.QaLegend_TestCases" name="addEditNotes" time="0.002">
    <skipped/>
  </testcase> <!-- addEditNotes -->
  <testcase classname="TestCases.QaLegend_TestCases" name="addEditNotes" time="0.004">
    <skipped/>
  </testcase> <!-- addEditNotes -->
  <testcase classname="TestCases.QaLegend_TestCases" name="addEditNotes" time="0.002">
    <failure type="java.lang.NullPointerException" message="Cannot invoke &amp;quot;java.util.Properties.getProperty(String)&amp;quot; because &amp;quot;this.props&amp;quot; is null">
      <![CDATA[java.lang.NullPointerException: Cannot invoke "java.util.Properties.getProperty(String)" because "this.props" is null
at TestCases.QaLegend_TestCases.addEditNotes(QaLegend_TestCases.java:65)
at java.base/java.util.ArrayList.forEach(ArrayList.java:1511)
... Removed 27 stack frames]]>
    </failure>
  </testcase> <!-- addEditNotes -->
  <testcase classname="TestCases.QaLegend_TestCases" name="addEditNotes" time="0.047">
    <failure type="java.lang.NullPointerException" message="Cannot invoke &amp;quot;org.openqa.selenium.TakesScreenshot.getScreenshotAs(org.openqa.selenium.OutputType)&amp;quot; because &amp;quot;ts&amp;quot; is null">
      <![CDATA[java.lang.NullPointerException: Cannot invoke "org.openqa.selenium.TakesScreenshot.getScreenshotAs(org.openqa.selenium.OutputType)" because "ts" is null
at AutomationCore.BaseClass.getScreenshotPath(BaseClass.java:40)
at TestCases.Listeners.onTestFailure(Listeners.java:57)
at java.base/java.util.ArrayList.forEach(ArrayList.java:1511)
... Removed 24 stack frames]]>
    </failure>
  </testcase> <!-- addEditNotes -->
  <testcase classname="TestCases.QaLegend_TestCases" name="addEvents" time="0.0">
    <ignored/>
  </testcase> <!-- addEvents -->
  <testcase classname="TestCases.QaLegend_TestCases" name="addNewitems" time="0.0">
    <ignored/>
  </testcase> <!-- addNewitems -->
  <testcase classname="TestCases.QaLegend_TestCases" name="additems1" time="0.0">
    <ignored/>
  </testcase> <!-- additems1 -->
  <testcase classname="TestCases.QaLegend_TestCases" name="addClients" time="0.0">
    <ignored/>
  </testcase> <!-- addClients -->
</testsuite> <!-- Test -->
