<?xml version="1.0" encoding="UTF-8"?>
<!-- Generated by org.testng.reporters.JUnitXMLReporter -->
<testsuite ignored="5" hostname="IjasBincy" failures="0" tests="1" name="Test" time="9.574" errors="0" timestamp="2024-07-01T22:18:43 IST">
  <testcase classname="TestCases.QaLegend_TestCases" name="additems" time="4.858"/>
  <testcase classname="TestCases.QaLegend_TestCases" name="addEvents" time="0.0">
    <ignored/>
  </testcase> <!-- addEvents -->
  <testcase classname="TestCases.QaLegend_TestCases" name="composeMessage" time="0.0">
    <ignored/>
  </testcase> <!-- composeMessage -->
  <testcase classname="TestCases.QaLegend_TestCases" name="addClients" time="0.0">
    <ignored/>
  </testcase> <!-- addClients -->
  <testcase classname="TestCases.QaLegend_TestCases" name="addEditNotes" time="0.0">
    <ignored/>
  </testcase> <!-- addEditNotes -->
  <testcase classname="TestCases.QaLegend_TestCases" name="addpayments" time="0.0">
    <ignored/>
  </testcase> <!-- addpayments -->
</testsuite> <!-- Test -->
